#
# A fatal error has been detected by the Java Runtime Environment:
#
#  EXCEPTION_ACCESS_VIOLATION (0xc0000005) at pc=0x000000005f1d2c16, pid=627288, tid=639708
#
# JRE version: Java(TM) SE Runtime Environment (8.0_20-b26) (build 1.8.0_20-b26)
# Java VM: Java HotSpot(TM) 64-Bit Server VM (25.20-b23 mixed mode windows-amd64 compressed oops)
# Problematic frame:
# V  [jvm.dll+0x4c2c16]
#
# Failed to write core dump. Minidumps are not enabled by default on client versions of Windows
#
# If you would like to submit a bug report, please visit:
#   http://bugreport.sun.com/bugreport/crash.jsp
#

---------------  T H R E A D  ---------------

Current thread (0x00000000282c8000):  JavaThread "C2 CompilerThread0" daemon [_thread_in_native, id=639708, stack(0x0000000028b00000,0x0000000028c00000)]

siginfo: ExceptionCode=0xc0000005, reading address 0x0000000000000010

Registers:
RAX=0x0000000000000000, RBX=0x000000002c375bb0, RCX=0x000000002c375bb0, RDX=0x00000000338aac10
RSP=0x0000000028bfcfb0, RBP=0x000000002c375bb0, RSI=0x0000000028bfecf0, RDI=0x000000005f346888
R8 =0x000000002c375bb0, R9 =0x0000000000000002, R10=0x00000000282db260, R11=0x0000000000000000
R12=0x0000000028bfe2a0, R13=0x00000000338aac10, R14=0x000000002c6fbca0, R15=0x0000000000000000
RIP=0x000000005f1d2c16, EFLAGS=0x0000000000010246

Top of Stack: (sp=0x0000000028bfcfb0)
0x0000000028bfcfb0:   00000000338abe60 000000002c375bb0
0x0000000028bfcfc0:   000000002e753a18 0000000028bfd270
0x0000000028bfcfd0:   0000000000000018 000000002c6fb960
0x0000000028bfcfe0:   0000000028bfd270 000000005f16ac1a
0x0000000028bfcff0:   000000002c375bb0 0000000000000003
0x0000000028bfd000:   0000000000000003 000000005f346888
0x0000000028bfd010:   00000000282dde90 0000000000000001
0x0000000028bfd020:   0000000088ca6c00 000000005f14a0b4
0x0000000028bfd030:   000000002c6f8358 000000005f1f39db
0x0000000028bfd040:   0000000000000000 000000002c6fb960
0x0000000028bfd050:   0000000000000029 000000005f17fe69
0x0000000028bfd060:   000000002c6f8358 0000000000000003
0x0000000028bfd070:   0000000000000000 000000003440be40
0x0000000028bfd080:   0000000200000001 0000000030c9c7c0
0x0000000028bfd090:   0000000000000029 000000005f14a0b4
0x0000000028bfd0a0:   0000000000000003 000000005ed10000 

Instructions: (pc=0x000000005f1d2c16)
0x000000005f1d2bf6:   8b e1 49 8b c8 49 8b e8 4c 8b ea ff 50 28 44 8b
0x000000005f1d2c06:   48 10 41 83 f9 0e 7c 06 41 83 f9 14 7e 02 33 c0
0x000000005f1d2c16:   8b 48 10 48 89 5c 24 40 83 f9 10 0f 8c 03 01 00
0x000000005f1d2c26:   00 83 f9 12 0f 8f fa 00 00 00 80 78 32 00 0f 84 


Register to memory mapping:

RAX=0x0000000000000000 is an unknown value
RBX=0x000000002c375bb0 is an unknown value
RCX=0x000000002c375bb0 is an unknown value
RDX=0x00000000338aac10 is an unknown value
RSP=0x0000000028bfcfb0 is pointing into the stack for thread: 0x00000000282c8000
RBP=0x000000002c375bb0 is an unknown value
RSI=0x0000000028bfecf0 is pointing into the stack for thread: 0x00000000282c8000
RDI=0x000000005f346888 is an unknown value
R8 =0x000000002c375bb0 is an unknown value
R9 =0x0000000000000002 is an unknown value
R10=0x00000000282db260 is an unknown value
R11=0x0000000000000000 is an unknown value
R12=0x0000000028bfe2a0 is pointing into the stack for thread: 0x00000000282c8000
R13=0x00000000338aac10 is an unknown value
R14=0x000000002c6fbca0 is an unknown value
R15=0x0000000000000000 is an unknown value


Stack: [0x0000000028b00000,0x0000000028c00000],  sp=0x0000000028bfcfb0,  free space=1011k
Native frames: (J=compiled Java code, j=interpreted, Vv=VM code, C=native code)
V  [jvm.dll+0x4c2c16]
V  [jvm.dll+0x45ac1a]
V  [jvm.dll+0x4d8fd1]
V  [jvm.dll+0x4d9aef]
V  [jvm.dll+0x4d9e69]
V  [jvm.dll+0x4da3d6]
V  [jvm.dll+0x436ec1]
V  [jvm.dll+0x45b2c4]
V  [jvm.dll+0x4e0fd8]
V  [jvm.dll+0x4d9ae7]
V  [jvm.dll+0x4d9e69]
V  [jvm.dll+0x4da3d6]
V  [jvm.dll+0x436ec1]
V  [jvm.dll+0x45b2c4]
V  [jvm.dll+0x4e0fd8]
V  [jvm.dll+0x4d9ae7]
V  [jvm.dll+0x4d9e69]
V  [jvm.dll+0x4da3d6]
V  [jvm.dll+0x436ec1]
V  [jvm.dll+0x4375d2]
V  [jvm.dll+0x45b2c4]
V  [jvm.dll+0x4e0fd8]
V  [jvm.dll+0x4d9ae7]
V  [jvm.dll+0x4d9e69]
V  [jvm.dll+0x4da3d6]
V  [jvm.dll+0x436ec1]
V  [jvm.dll+0x45243b]
V  [jvm.dll+0x435fc2]
V  [jvm.dll+0x97b62]
V  [jvm.dll+0x98353]
V  [jvm.dll+0x22aac4]
V  [jvm.dll+0x283f5a]
C  [msvcr100.dll+0x21d9f]
C  [msvcr100.dll+0x21e3b]
C  [kernel32.dll+0x159cd]
C  [ntdll.dll+0x2a561]


Current CompileTask:
C2:  38724 12634 %     4       sun.misc.URLClassPath::findResource @ 7 (42 bytes)


---------------  P R O C E S S  ---------------

Java Threads: ( => current thread )
  0x0000000032642800 JavaThread "DestroyJavaVM" [_thread_blocked, id=638704, stack(0x0000000002700000,0x0000000002800000)]
  0x0000000032642000 JavaThread "http-nio-8080-AsyncTimeout" daemon [_thread_blocked, id=643796, stack(0x0000000037490000,0x0000000037590000)]
  0x0000000032641000 JavaThread "http-nio-8080-Acceptor-0" daemon [_thread_in_native, id=643792, stack(0x00000000372b0000,0x00000000373b0000)]
  0x000000002c373000 JavaThread "http-nio-8080-ClientPoller-1" daemon [_thread_in_native, id=643788, stack(0x0000000036fb0000,0x00000000370b0000)]
  0x000000002c372000 JavaThread "http-nio-8080-ClientPoller-0" daemon [_thread_in_native, id=643784, stack(0x0000000036d60000,0x0000000036e60000)]
  0x000000002c371800 JavaThread "http-nio-8080-exec-10" daemon [_thread_blocked, id=643780, stack(0x0000000036b50000,0x0000000036c50000)]
  0x000000002c370800 JavaThread "http-nio-8080-exec-9" daemon [_thread_blocked, id=643776, stack(0x0000000036940000,0x0000000036a40000)]
  0x000000002c36f800 JavaThread "http-nio-8080-exec-8" daemon [_thread_blocked, id=643772, stack(0x0000000036760000,0x0000000036860000)]
  0x000000002c36f000 JavaThread "http-nio-8080-exec-7" daemon [_thread_blocked, id=643768, stack(0x0000000036390000,0x0000000036490000)]
  0x000000002c36e000 JavaThread "http-nio-8080-exec-6" daemon [_thread_blocked, id=643764, stack(0x0000000036620000,0x0000000036720000)]
  0x000000002c36d800 JavaThread "http-nio-8080-exec-5" daemon [_thread_blocked, id=643760, stack(0x00000000364c0000,0x00000000365c0000)]
  0x000000002c36c800 JavaThread "http-nio-8080-exec-4" daemon [_thread_blocked, id=643756, stack(0x0000000036250000,0x0000000036350000)]
  0x000000002c36c000 JavaThread "http-nio-8080-exec-3" daemon [_thread_blocked, id=643752, stack(0x0000000036010000,0x0000000036110000)]
  0x00000000323be000 JavaThread "http-nio-8080-exec-2" daemon [_thread_blocked, id=643748, stack(0x0000000035e20000,0x0000000035f20000)]
  0x0000000032934800 JavaThread "http-nio-8080-exec-1" daemon [_thread_blocked, id=643744, stack(0x00000000350f0000,0x00000000351f0000)]
  0x000000002d877800 JavaThread "NioBlockingSelector.BlockPoller-1" daemon [_thread_in_native, id=643740, stack(0x0000000035260000,0x0000000035360000)]
  0x00000000323bb000 JavaThread "pool-2-thread-1" daemon [_thread_blocked, id=643428, stack(0x0000000035440000,0x0000000035540000)]
  0x00000000323b9000 JavaThread "cluster-ClusterId{value='5be2a5a45eb69f9258b6ce65', description='null'}-192.168.99.100:27017" daemon [_thread_blocked, id=643424, stack(0x00000000348a0000,0x00000000349a0000)]
  0x0000000030c1f000 JavaThread "container-0" [_thread_blocked, id=643352, stack(0x0000000032080000,0x0000000032180000)]
  0x0000000030c1c800 JavaThread "ContainerBackgroundProcessor[StandardEngine[Tomcat]]" daemon [_thread_blocked, id=643348, stack(0x0000000034bf0000,0x0000000034cf0000)]
  0x000000002d879000 JavaThread "rebel/pool-1-thread-1" daemon [_thread_blocked, id=643172, stack(0x0000000031910000,0x0000000031a10000)]
  0x000000002d875800 JavaThread "rebel-change-detector-thread" daemon [_thread_in_native, id=634568, stack(0x000000002fa10000,0x000000002fb10000)]
  0x000000002d874800 JavaThread "rebel-debugger-thread" daemon [_thread_blocked, id=642192, stack(0x0000000028e80000,0x0000000028f80000)]
  0x000000002cd75800 JavaThread "rebel-debugger-attach-notifier" daemon [_thread_blocked, id=642732, stack(0x000000002f6c0000,0x000000002f7c0000)]
  0x000000002cd75000 JavaThread "rebel-heartbeat-thread" daemon [_thread_blocked, id=642148, stack(0x000000002f460000,0x000000002f560000)]
  0x000000002cd74000 JavaThread "rebel-redeploy-thread" daemon [_thread_blocked, id=640076, stack(0x000000002b4c0000,0x000000002b5c0000)]
  0x000000002cd73800 JavaThread "rebel-IDENotificationsImpl-PostCycle" daemon [_thread_blocked, id=640576, stack(0x000000002f2c0000,0x000000002f3c0000)]
  0x000000002cd72000 JavaThread "rebel-weak-reaper" daemon [_thread_blocked, id=642812, stack(0x000000002b150000,0x000000002b250000)]
  0x000000002cd71000 JavaThread "rebel-messaging-executor-36" daemon [_thread_blocked, id=642468, stack(0x000000002b2a0000,0x000000002b3a0000)]
  0x000000002cd70800 JavaThread "rebel-fsnotify-OutputReader" daemon [_thread_blocked, id=642336, stack(0x00000000299a0000,0x0000000029aa0000)]
  0x000000002cd6f800 JavaThread "rebel-fsnotify-OutputReader" daemon [_thread_blocked, id=634532, stack(0x000000002adb0000,0x000000002aeb0000)]
  0x000000002cd6f000 JavaThread "rebel-fsnotify-ShutdownOnTermination" daemon [_thread_in_native, id=639976, stack(0x000000002abd0000,0x000000002acd0000)]
  0x0000000029d77800 JavaThread "rebel-CacheKeepAlive" daemon [_thread_blocked, id=642600, stack(0x0000000029630000,0x0000000029730000)]
  0x00000000284a5000 JavaThread "rebel-logger" daemon [_thread_blocked, id=642196, stack(0x0000000029360000,0x0000000029460000)]
  0x0000000028342000 JavaThread "Service Thread" daemon [_thread_blocked, id=642572, stack(0x0000000029180000,0x0000000029280000)]
  0x00000000282fb000 JavaThread "C1 CompilerThread3" daemon [_thread_in_vm, id=637028, stack(0x0000000028f80000,0x0000000029080000)]
  0x00000000282d2000 JavaThread "C2 CompilerThread2" daemon [_thread_in_native, id=642608, stack(0x0000000028d80000,0x0000000028e80000)]
  0x00000000282c8800 JavaThread "C2 CompilerThread1" daemon [_thread_in_native, id=637828, stack(0x0000000028c40000,0x0000000028d40000)]
=>0x00000000282c8000 JavaThread "C2 CompilerThread0" daemon [_thread_in_native, id=639708, stack(0x0000000028b00000,0x0000000028c00000)]
  0x0000000026a7e800 JavaThread "Attach Listener" daemon [_thread_blocked, id=636964, stack(0x0000000028160000,0x0000000028260000)]
  0x0000000026a50000 JavaThread "Signal Dispatcher" daemon [_thread_blocked, id=638156, stack(0x0000000027f70000,0x0000000028070000)]
  0x0000000025b8f000 JavaThread "Finalizer" daemon [_thread_blocked, id=643008, stack(0x0000000027d10000,0x0000000027e10000)]
  0x0000000025b88000 JavaThread "Reference Handler" daemon [_thread_blocked, id=638948, stack(0x0000000027c10000,0x0000000027d10000)]

Other Threads:
  0x00000000269f3800 VMThread [stack: 0x0000000027a30000,0x0000000027b30000] [id=638944]
  0x0000000028399000 WatcherThread [stack: 0x0000000029080000,0x0000000029180000] [id=642540]

VM state:not at safepoint (normal execution)

VM Mutex/Monitor currently owned by a thread: None

Heap:
 PSYoungGen      total 468992K, used 322367K [0x0000000716400000, 0x0000000735180000, 0x00000007c0000000)
  eden space 446976K, 68% used [0x0000000716400000,0x0000000728e9c520,0x0000000731880000)
  from space 22016K, 75% used [0x0000000732f00000,0x0000000733f33ab0,0x0000000734480000)
  to   space 23040K, 0% used [0x0000000731880000,0x0000000731880000,0x0000000732f00000)
 ParOldGen       total 409088K, used 36323K [0x00000005c2c00000, 0x00000005dbb80000, 0x0000000716400000)
  object space 409088K, 8% used [0x00000005c2c00000,0x00000005c4f78ef0,0x00000005dbb80000)
 Metaspace       used 69399K, capacity 70824K, committed 71192K, reserved 1112064K
  class space    used 8247K, capacity 8634K, committed 8728K, reserved 1048576K

Card table byte_map: [0x0000000011bc0000,0x0000000012bb0000] byte_map_base: 0x000000000edaa000

Marking Bits: (ParMarkBitMap*) 0x000000005f4eb460
 Begin Bits: [0x0000000014310000, 0x000000001c260000)
 End Bits:   [0x000000001c260000, 0x00000000241b0000)

Polling page: 0x0000000000320000

CodeCache: size=245760Kb used=13934Kb max_used=31050Kb free=231825Kb
 bounds [0x0000000002800000, 0x0000000004680000, 0x0000000011800000]
 total_blobs=7387 nmethods=6890 adapters=409
 compilation: enabled

Compilation events (10 events):
Event: 38.693 Thread 0x00000000282fb000 nmethod 12661 0x0000000004227fd0 code [0x0000000004228120, 0x0000000004228250]
Event: 38.693 Thread 0x00000000282fb000 12662       2       org.zeroturnaround.javarebel.integration.spring.beans.BeanWithDefinition::getBeanDefinition (9 bytes)
Event: 38.694 Thread 0x00000000282fb000 nmethod 12662 0x0000000003fd6dd0 code [0x0000000003fd6f20, 0x0000000003fd7070]
Event: 38.694 Thread 0x00000000282fb000 12663       2       org.zeroturnaround.javarebel.integration.spring.beans.BeanWithDefinition::_jr$ig$bd (8 bytes)
Event: 38.694 Thread 0x00000000282fb000 nmethod 12663 0x0000000003fd6a50 code [0x0000000003fd6ba0, 0x0000000003fd6d10]
Event: 38.694 Thread 0x00000000282fb000 12659       2       org.zeroturnaround.javarebel.integration.spring.beans.BeanWithDefinition::getBean (9 bytes)
Event: 38.694 Thread 0x00000000282fb000 nmethod 12659 0x00000000040d1390 code [0x00000000040d14e0, 0x00000000040d1630]
Event: 38.694 Thread 0x00000000282fb000 12660       2       org.zeroturnaround.javarebel.integration.spring.beans.BeanWithDefinition::_jr$ig$bean (8 bytes)
Event: 38.694 Thread 0x00000000282fb000 nmethod 12660 0x00000000040d1010 code [0x00000000040d1160, 0x00000000040d12d0]
Event: 38.694 Thread 0x00000000282fb000 12671       2       java.util.Objects::equals (26 bytes)

GC Heap History (10 events):
Event: 7.391 GC heap before
{Heap before GC invocations=9 (full 2):
 PSYoungGen      total 289792K, used 288955K [0x0000000716400000, 0x0000000729600000, 0x00000007c0000000)
  eden space 282624K, 100% used [0x0000000716400000,0x0000000727800000,0x0000000727800000)
  from space 7168K, 88% used [0x0000000728f00000,0x000000072952eff0,0x0000000729600000)
  to   space 15360K, 0% used [0x0000000727800000,0x0000000727800000,0x0000000728700000)
 ParOldGen       total 286720K, used 19867K [0x00000005c2c00000, 0x00000005d4400000, 0x0000000716400000)
  object space 286720K, 6% used [0x00000005c2c00000,0x00000005c3f66e88,0x00000005d4400000)
 Metaspace       used 45324K, capacity 46530K, committed 46888K, reserved 1089536K
  class space    used 5461K, capacity 5829K, committed 5928K, reserved 1048576K
Event: 7.404 GC heap after
Heap after GC invocations=9 (full 2):
 PSYoungGen      total 297984K, used 13708K [0x0000000716400000, 0x0000000730280000, 0x00000007c0000000)
  eden space 282624K, 0% used [0x0000000716400000,0x0000000716400000,0x0000000727800000)
  from space 15360K, 89% used [0x0000000727800000,0x0000000728563330,0x0000000728700000)
  to   space 16896K, 0% used [0x000000072f200000,0x000000072f200000,0x0000000730280000)
 ParOldGen       total 286720K, used 19875K [0x00000005c2c00000, 0x00000005d4400000, 0x0000000716400000)
  object space 286720K, 6% used [0x00000005c2c00000,0x00000005c3f68e88,0x00000005d4400000)
 Metaspace       used 45324K, capacity 46530K, committed 46888K, reserved 1089536K
  class space    used 5461K, capacity 5829K, committed 5928K, reserved 1048576K
}
Event: 9.490 GC heap before
{Heap before GC invocations=10 (full 2):
 PSYoungGen      total 297984K, used 296332K [0x0000000716400000, 0x0000000730280000, 0x00000007c0000000)
  eden space 282624K, 100% used [0x0000000716400000,0x0000000727800000,0x0000000727800000)
  from space 15360K, 89% used [0x0000000727800000,0x0000000728563330,0x0000000728700000)
  to   space 16896K, 0% used [0x000000072f200000,0x000000072f200000,0x0000000730280000)
 ParOldGen       total 286720K, used 19875K [0x00000005c2c00000, 0x00000005d4400000, 0x0000000716400000)
  object space 286720K, 6% used [0x00000005c2c00000,0x00000005c3f68e88,0x00000005d4400000)
 Metaspace       used 51511K, capacity 52710K, committed 52904K, reserved 1095680K
  class space    used 6112K, capacity 6475K, committed 6568K, reserved 1048576K
Event: 9.503 GC heap after
Heap after GC invocations=10 (full 2):
 PSYoungGen      total 392704K, used 16258K [0x0000000716400000, 0x0000000730200000, 0x00000007c0000000)
  eden space 376320K, 0% used [0x0000000716400000,0x0000000716400000,0x000000072d380000)
  from space 16384K, 99% used [0x000000072f200000,0x00000007301e0b00,0x0000000730200000)
  to   space 18944K, 0% used [0x000000072dd00000,0x000000072dd00000,0x000000072ef80000)
 ParOldGen       total 286720K, used 19883K [0x00000005c2c00000, 0x00000005d4400000, 0x0000000716400000)
  object space 286720K, 6% used [0x00000005c2c00000,0x00000005c3f6ae88,0x00000005d4400000)
 Metaspace       used 51511K, capacity 52710K, committed 52904K, reserved 1095680K
  class space    used 6112K, capacity 6475K, committed 6568K, reserved 1048576K
}
Event: 11.429 GC heap before
{Heap before GC invocations=11 (full 2):
 PSYoungGen      total 392704K, used 312475K [0x0000000716400000, 0x0000000730200000, 0x00000007c0000000)
  eden space 376320K, 78% used [0x0000000716400000,0x0000000728546240,0x000000072d380000)
  from space 16384K, 99% used [0x000000072f200000,0x00000007301e0b00,0x0000000730200000)
  to   space 18944K, 0% used [0x000000072dd00000,0x000000072dd00000,0x000000072ef80000)
 ParOldGen       total 286720K, used 19883K [0x00000005c2c00000, 0x00000005d4400000, 0x0000000716400000)
  object space 286720K, 6% used [0x00000005c2c00000,0x00000005c3f6ae88,0x00000005d4400000)
 Metaspace       used 57688K, capacity 58898K, committed 59160K, reserved 1101824K
  class space    used 6757K, capacity 7093K, committed 7192K, reserved 1048576K
Event: 11.462 GC heap after
Heap after GC invocations=11 (full 2):
 PSYoungGen      total 404992K, used 18926K [0x0000000716400000, 0x0000000734480000, 0x00000007c0000000)
  eden space 386048K, 0% used [0x0000000716400000,0x0000000716400000,0x000000072dd00000)
  from space 18944K, 99% used [0x000000072dd00000,0x000000072ef7b9e8,0x000000072ef80000)
  to   space 22016K, 0% used [0x0000000732f00000,0x0000000732f00000,0x0000000734480000)
 ParOldGen       total 286720K, used 21619K [0x00000005c2c00000, 0x00000005d4400000, 0x0000000716400000)
  object space 286720K, 7% used [0x00000005c2c00000,0x00000005c411cfb8,0x00000005d4400000)
 Metaspace       used 57688K, capacity 58898K, committed 59160K, reserved 1101824K
  class space    used 6757K, capacity 7093K, committed 7192K, reserved 1048576K
}
Event: 11.462 GC heap before
{Heap before GC invocations=12 (full 3):
 PSYoungGen      total 404992K, used 18926K [0x0000000716400000, 0x0000000734480000, 0x00000007c0000000)
  eden space 386048K, 0% used [0x0000000716400000,0x0000000716400000,0x000000072dd00000)
  from space 18944K, 99% used [0x000000072dd00000,0x000000072ef7b9e8,0x000000072ef80000)
  to   space 22016K, 0% used [0x0000000732f00000,0x0000000732f00000,0x0000000734480000)
 ParOldGen       total 286720K, used 21619K [0x00000005c2c00000, 0x00000005d4400000, 0x0000000716400000)
  object space 286720K, 7% used [0x00000005c2c00000,0x00000005c411cfb8,0x00000005d4400000)
 Metaspace       used 57688K, capacity 58898K, committed 59160K, reserved 1101824K
  class space    used 6757K, capacity 7093K, committed 7192K, reserved 1048576K
Event: 11.651 GC heap after
Heap after GC invocations=12 (full 3):
 PSYoungGen      total 404992K, used 0K [0x0000000716400000, 0x0000000734480000, 0x00000007c0000000)
  eden space 386048K, 0% used [0x0000000716400000,0x0000000716400000,0x000000072dd00000)
  from space 18944K, 0% used [0x000000072dd00000,0x000000072dd00000,0x000000072ef80000)
  to   space 22016K, 0% used [0x0000000732f00000,0x0000000732f00000,0x0000000734480000)
 ParOldGen       total 409088K, used 36315K [0x00000005c2c00000, 0x00000005dbb80000, 0x0000000716400000)
  object space 409088K, 8% used [0x00000005c2c00000,0x00000005c4f76ef0,0x00000005dbb80000)
 Metaspace       used 57688K, capacity 58898K, committed 59160K, reserved 1101824K
  class space    used 6757K, capacity 7093K, committed 7192K, reserved 1048576K
}
Event: 14.845 GC heap before
{Heap before GC invocations=13 (full 3):
 PSYoungGen      total 404992K, used 386048K [0x0000000716400000, 0x0000000734480000, 0x00000007c0000000)
  eden space 386048K, 100% used [0x0000000716400000,0x000000072dd00000,0x000000072dd00000)
  from space 18944K, 0% used [0x000000072dd00000,0x000000072dd00000,0x000000072ef80000)
  to   space 22016K, 0% used [0x0000000732f00000,0x0000000732f00000,0x0000000734480000)
 ParOldGen       total 409088K, used 36315K [0x00000005c2c00000, 0x00000005dbb80000, 0x0000000716400000)
  object space 409088K, 8% used [0x00000005c2c00000,0x00000005c4f76ef0,0x00000005dbb80000)
 Metaspace       used 65456K, capacity 66830K, committed 67096K, reserved 1107968K
  class space    used 7797K, capacity 8175K, committed 8216K, reserved 1048576K
Event: 14.878 GC heap after
Heap after GC invocations=13 (full 3):
 PSYoungGen      total 468992K, used 16590K [0x0000000716400000, 0x0000000735180000, 0x00000007c0000000)
  eden space 446976K, 0% used [0x0000000716400000,0x0000000716400000,0x0000000731880000)
  from space 22016K, 75% used [0x0000000732f00000,0x0000000733f33ab0,0x0000000734480000)
  to   space 23040K, 0% used [0x0000000731880000,0x0000000731880000,0x0000000732f00000)
 ParOldGen       total 409088K, used 36323K [0x00000005c2c00000, 0x00000005dbb80000, 0x0000000716400000)
  object space 409088K, 8% used [0x00000005c2c00000,0x00000005c4f78ef0,0x00000005dbb80000)
 Metaspace       used 65456K, capacity 66830K, committed 67096K, reserved 1107968K
  class space    used 7797K, capacity 8175K, committed 8216K, reserved 1048576K
}

Deoptimization events (10 events):
Event: 37.455 Thread 0x000000002d875800 Uncommon trap: reason=bimorphic action=maybe_recompile pc=0x000000000291dc34 method=com.zeroturnaround.javarebel.aen.a(II)V @ 20
Event: 37.510 Thread 0x000000002d875800 Uncommon trap: reason=unloaded action=reinterpret pc=0x0000000003c2add8 method=com.zeroturnaround.javarebel.vx.a(Lcom/zeroturnaround/javarebel/uu;Ljava/lang/String;)Lcom/zeroturnaround/javarebel/vx; @ 153
Event: 37.515 Thread 0x000000002d875800 Uncommon trap: reason=bimorphic action=maybe_recompile pc=0x0000000003f44798 method=java.util.regex.Matcher.search(I)Z @ 86
Event: 37.521 Thread 0x000000002d875800 Uncommon trap: reason=bimorphic action=maybe_recompile pc=0x0000000003f44798 method=java.util.regex.Matcher.search(I)Z @ 86
Event: 37.523 Thread 0x000000002d875800 Uncommon trap: reason=bimorphic action=maybe_recompile pc=0x0000000003a89e88 method=java.util.regex.Matcher.search(I)Z @ 86
Event: 37.536 Thread 0x000000002d875800 Uncommon trap: reason=bimorphic action=maybe_recompile pc=0x0000000003989348 method=java.util.regex.Matcher.search(I)Z @ 86
Event: 38.408 Thread 0x000000002d875800 Uncommon trap: reason=array_check action=maybe_recompile pc=0x0000000003fe2384 method=com.zeroturnaround.jrebelbase.facade.a.arrayOriginalStore([Ljava/lang/Object;ILjava/lang/Object;)V @ 38
Event: 38.408 Thread 0x000000002d875800 Uncommon trap: reason=array_check action=maybe_recompile pc=0x0000000003fe2384 method=com.zeroturnaround.jrebelbase.facade.a.arrayOriginalStore([Ljava/lang/Object;ILjava/lang/Object;)V @ 38
Event: 38.409 Thread 0x000000002d875800 Uncommon trap: reason=array_check action=maybe_recompile pc=0x0000000003fe2384 method=com.zeroturnaround.jrebelbase.facade.a.arrayOriginalStore([Ljava/lang/Object;ILjava/lang/Object;)V @ 38
Event: 38.409 Thread 0x000000002d875800 Uncommon trap: reason=array_check action=maybe_recompile pc=0x0000000003fe2384 method=com.zeroturnaround.jrebelbase.facade.a.arrayOriginalStore([Ljava/lang/Object;ILjava/lang/Object;)V @ 38

Internal exceptions (10 events):
Event: 38.584 Thread 0x000000002d875800 Exception <a 'java/security/PrivilegedActionException'> (0x00000007284da580) thrown at [D:\re\workspace\8-2-build-windows-amd64-cygwin\jdk8u20\1074\hotspot\src\share\vm\prims\jvm.cpp, line 1275]
Event: 38.584 Thread 0x000000002d875800 Exception <a 'java/security/PrivilegedActionException'> (0x00000007284e1168) thrown at [D:\re\workspace\8-2-build-windows-amd64-cygwin\jdk8u20\1074\hotspot\src\share\vm\prims\jvm.cpp, line 1275]
Event: 38.626 Thread 0x000000002d875800 Exception <a 'java/security/PrivilegedActionException'> (0x000000072876a958) thrown at [D:\re\workspace\8-2-build-windows-amd64-cygwin\jdk8u20\1074\hotspot\src\share\vm\prims\jvm.cpp, line 1275]
Event: 38.626 Thread 0x000000002d875800 Exception <a 'java/security/PrivilegedActionException'> (0x0000000728771130) thrown at [D:\re\workspace\8-2-build-windows-amd64-cygwin\jdk8u20\1074\hotspot\src\share\vm\prims\jvm.cpp, line 1275]
Event: 38.629 Thread 0x000000002d875800 Exception <a 'java/security/PrivilegedActionException'> (0x00000007287cd6c0) thrown at [D:\re\workspace\8-2-build-windows-amd64-cygwin\jdk8u20\1074\hotspot\src\share\vm\prims\jvm.cpp, line 1275]
Event: 38.629 Thread 0x000000002d875800 Exception <a 'java/security/PrivilegedActionException'> (0x00000007287d18c8) thrown at [D:\re\workspace\8-2-build-windows-amd64-cygwin\jdk8u20\1074\hotspot\src\share\vm\prims\jvm.cpp, line 1275]
Event: 38.687 Thread 0x000000002d875800 Exception <a 'java/security/PrivilegedActionException'> (0x0000000728d2c4a8) thrown at [D:\re\workspace\8-2-build-windows-amd64-cygwin\jdk8u20\1074\hotspot\src\share\vm\prims\jvm.cpp, line 1275]
Event: 38.692 Thread 0x000000002d875800 Exception <a 'java/security/PrivilegedActionException'> (0x0000000728d512b0) thrown at [D:\re\workspace\8-2-build-windows-amd64-cygwin\jdk8u20\1074\hotspot\src\share\vm\prims\jvm.cpp, line 1275]
Event: 38.692 Thread 0x000000002d875800 Exception <a 'java/security/PrivilegedActionException'> (0x0000000728d54970) thrown at [D:\re\workspace\8-2-build-windows-amd64-cygwin\jdk8u20\1074\hotspot\src\share\vm\prims\jvm.cpp, line 1275]
Event: 38.692 Thread 0x000000002d875800 Exception <a 'java/lang/NoClassDefFoundError': LPetRepository;> (0x0000000728d54d00) thrown at [D:\re\workspace\8-2-build-windows-amd64-cygwin\jdk8u20\1074\hotspot\src\share\vm\classfile\systemDictionary.cpp, line 191]

Events (10 events):
Event: 38.657 Thread 0x000000002d875800 DEOPT PACKING pc=0x00000000042a77fd sp=0x000000002fb0cf60
Event: 38.657 Thread 0x000000002d875800 DEOPT UNPACKING pc=0x00000000028475bf sp=0x000000002fb0ccc0 mode 0
Event: 38.669 Thread 0x000000002d875800 DEOPT PACKING pc=0x00000000030816c7 sp=0x000000002fb0d6d0
Event: 38.669 Thread 0x000000002d875800 DEOPT UNPACKING pc=0x00000000028475bf sp=0x000000002fb0d430 mode 0
Event: 38.680 loading class javax/xml/bind/JAXBContext
Event: 38.681 loading class javax/xml/bind/JAXBContext done
Event: 38.687 loading class org/springframework/beans/BeanReloadingFilter
Event: 38.687 loading class org/springframework/beans/BeanReloadingFilter done
Event: 38.692 loading class PetRepository
Event: 38.692 loading class PetRepository done


Dynamic libraries:
0x000000013f3b0000 - 0x000000013f3e4000 	C:\Java\jre1.8.0_20\bin\javaw.exe
0x0000000077a60000 - 0x0000000077c0a000 	C:\Windows\SYSTEM32\ntdll.dll
0x0000000077840000 - 0x000000007795f000 	C:\Windows\system32\kernel32.dll
0x000007fefdad0000 - 0x000007fefdb3a000 	C:\Windows\system32\KERNELBASE.dll
0x000007feffa10000 - 0x000007feffaeb000 	C:\Windows\system32\ADVAPI32.dll
0x000007feff540000 - 0x000007feff5df000 	C:\Windows\system32\msvcrt.dll
0x000007feff520000 - 0x000007feff53f000 	C:\Windows\SYSTEM32\sechost.dll
0x000007feff6b0000 - 0x000007feff7dd000 	C:\Windows\system32\RPCRT4.dll
0x0000000077960000 - 0x0000000077a5a000 	C:\Windows\system32\USER32.dll
0x000007fefe220000 - 0x000007fefe287000 	C:\Windows\system32\GDI32.dll
0x000007fefe570000 - 0x000007fefe57e000 	C:\Windows\system32\LPK.dll
0x000007feff450000 - 0x000007feff51b000 	C:\Windows\system32\USP10.dll
0x000007fefbd40000 - 0x000007fefbf34000 	C:\Windows\WinSxS\amd64_microsoft.windows.common-controls_6595b64144ccf1df_6.0.7601.17514_none_fa396087175ac9ac\COMCTL32.dll
0x000007fefe290000 - 0x000007fefe301000 	C:\Windows\system32\SHLWAPI.dll
0x000007fefe690000 - 0x000007fefe6be000 	C:\Windows\system32\IMM32.DLL
0x000007fefe580000 - 0x000007fefe689000 	C:\Windows\system32\MSCTF.dll
0x0000000072e60000 - 0x0000000072f32000 	C:\Java\jre1.8.0_20\bin\msvcr100.dll
0x000000005ed10000 - 0x000000005f568000 	C:\Java\jre1.8.0_20\bin\server\jvm.dll
0x000007feec010000 - 0x000007feec019000 	C:\Windows\system32\WSOCK32.dll
0x000007fefdf00000 - 0x000007fefdf4d000 	C:\Windows\system32\WS2_32.dll
0x000007feff600000 - 0x000007feff608000 	C:\Windows\system32\NSI.dll
0x000007fefa3f0000 - 0x000007fefa42b000 	C:\Windows\system32\WINMM.dll
0x0000000077c20000 - 0x0000000077c27000 	C:\Windows\system32\PSAPI.DLL
0x0000000073260000 - 0x000000007326f000 	C:\Java\jre1.8.0_20\bin\verify.dll
0x0000000073230000 - 0x0000000073258000 	C:\Java\jre1.8.0_20\bin\java.dll
0x000007fee7390000 - 0x000007fee73c9000 	D:\eclipse201809\plugins\org.zeroturnaround.eclipse.embedder_2018.2.1.RELEASE\jrebel\lib\jrebel64.dll
0x000007fefe6c0000 - 0x000007feff44b000 	C:\Windows\system32\SHELL32.dll
0x000007fefa980000 - 0x000007fefa983000 	C:\Windows\system32\api-ms-win-core-synch-l1-2-0.DLL
0x000000006f8f0000 - 0x000000006f906000 	C:\Java\jre1.8.0_20\bin\zip.dll
0x000007feffb70000 - 0x000007feffd6c000 	C:\Windows\system32\ole32.dll
0x000007fefd830000 - 0x000007fefd83f000 	C:\Windows\system32\profapi.dll
0x0000000072e50000 - 0x0000000072e5d000 	C:\Java\jre1.8.0_20\bin\management.dll
0x000000006f8d0000 - 0x000000006f8ea000 	C:\Java\jre1.8.0_20\bin\net.dll
0x000007fefd000000 - 0x000007fefd055000 	C:\Windows\system32\mswsock.dll
0x000007fefcff0000 - 0x000007fefcff7000 	C:\Windows\System32\wship6.dll
0x000000006f8b0000 - 0x000000006f8c1000 	C:\Java\jre1.8.0_20\bin\nio.dll
0x000000006f880000 - 0x000000006f8a4000 	C:\Java\jre1.8.0_20\bin\sunec.dll
0x000000006f780000 - 0x000000006f78b000 	C:\Java\jre1.8.0_20\bin\sunmscapi.dll
0x000007fefd840000 - 0x000007fefd9a7000 	C:\Windows\system32\CRYPT32.dll
0x000007fefd820000 - 0x000007fefd82f000 	C:\Windows\system32\MSASN1.dll
0x000007fee9370000 - 0x000007fee938b000 	C:\Users\Administrator\AppData\Local\Temp\jrebel-temp\ver-8be81a0a\IdeaWin64.dll
0x000007fefd660000 - 0x000007fefd6b7000 	C:\Windows\system32\apphelp.dll
0x000007fefd060000 - 0x000007fefd077000 	C:\Windows\system32\CRYPTSP.dll
0x000007fefcd60000 - 0x000007fefcda7000 	C:\Windows\system32\rsaenh.dll
0x000007fefd9e0000 - 0x000007fefd9fe000 	C:\Windows\system32\USERENV.dll
0x000007fefd6c0000 - 0x000007fefd6cf000 	C:\Windows\system32\CRYPTBASE.dll
0x000007fefbc50000 - 0x000007fefbc77000 	C:\Windows\system32\IPHLPAPI.DLL
0x000007fefbc40000 - 0x000007fefbc4b000 	C:\Windows\system32\WINNSI.DLL
0x000007fefba50000 - 0x000007fefba61000 	C:\Windows\system32\dhcpcsvc6.DLL
0x000007fefba30000 - 0x000007fefba48000 	C:\Windows\system32\dhcpcsvc.DLL
0x000007fefc5d0000 - 0x000007fefc5e5000 	C:\Windows\system32\NLAapi.dll
0x000007fef8070000 - 0x000007fef8085000 	C:\Windows\system32\napinsp.dll
0x000007fef8050000 - 0x000007fef8069000 	C:\Windows\system32\pnrpnsp.dll
0x000007fefce80000 - 0x000007fefcedb000 	C:\Windows\system32\DNSAPI.dll
0x000007fef8110000 - 0x000007fef811b000 	C:\Windows\System32\winrnr.dll
0x000007fefc9e0000 - 0x000007fefc9e7000 	C:\Windows\System32\wshtcpip.dll
0x000007fef8c60000 - 0x000007fef8c68000 	C:\Windows\system32\rasadhlp.dll
0x000007fefbad0000 - 0x000007fefbb23000 	C:\Windows\System32\fwpuclnt.dll
0x000007fef7ba0000 - 0x000007fef7cc5000 	C:\Windows\system32\dbghelp.dll

VM Arguments:
jvm_args: -Drebel.base=C:\Users\Administrator\.jrebel -Drebel.env.ide.plugin.version=2018.2.1 -Drebel.env.ide.version=4.9.0 -Drebel.env.ide.product=Eclipse_IDE -Drebel.env.ide=eclipse -Drebel.notification.url=http://localhost:17434 -Drebel.workspace.path=D:\eclipse201809\workspace -Drebel.properties=C:\Users\Administrator\.jrebel\jrebel.properties -agentpath:D:\eclipse201809\plugins\org.zeroturnaround.eclipse.embedder_2018.2.1.RELEASE\jrebel\lib\jrebel64.dll -Dfile.encoding=UTF-8 
java_command: io.swagger.Swagger2SpringBoot
java_class_path (initial): D:\dockertco\spring-server\target\classes;E:\java\mvnLibs\org\projectlombok\lombok\1.18.4\lombok-1.18.4.jar;E:\java\mvnLibs\org\springframework\boot\spring-boot-starter-data-mongodb\1.5.9.RELEASE\spring-boot-starter-data-mongodb-1.5.9.RELEASE.jar;E:\java\mvnLibs\org\springframework\boot\spring-boot-starter\1.5.9.RELEASE\spring-boot-starter-1.5.9.RELEASE.jar;E:\java\mvnLibs\org\springframework\boot\spring-boot\1.5.9.RELEASE\spring-boot-1.5.9.RELEASE.jar;E:\java\mvnLibs\org\springframework\boot\spring-boot-autoconfigure\1.5.9.RELEASE\spring-boot-autoconfigure-1.5.9.RELEASE.jar;E:\java\mvnLibs\org\springframework\boot\spring-boot-starter-logging\1.5.9.RELEASE\spring-boot-starter-logging-1.5.9.RELEASE.jar;E:\java\mvnLibs\ch\qos\logback\logback-classic\1.1.11\logback-classic-1.1.11.jar;E:\java\mvnLibs\ch\qos\logback\logback-core\1.1.11\logback-core-1.1.11.jar;E:\java\mvnLibs\org\slf4j\jul-to-slf4j\1.7.25\jul-to-slf4j-1.7.25.jar;E:\java\mvnLibs\org\slf4j\log4j-over-slf4j\1.7.25\log4j-over-slf4j-1.7.25.jar;E:\java\mvnLibs\org\springframework\spring-core\4.3.13.RELEASE\spring-core-4.3.13.RELEASE.jar;E:\java\mvnLibs\org\yaml\snakeyaml\1.17\snakeyaml-1.17.jar;E:\java\mvnLibs\org\mongodb\mongodb-driver\3.4.3\mongodb-driver-3.4.3.jar;E:\java\mvnLibs\org\mongodb\mongodb-driver-core\3.4.3\mongodb-driver-core-3.4.3.jar;E:\java\mvnLibs\org\mongodb\bson\3.4.3\bson-3.4.3.jar;E:\java\mvnLibs\org\springframework\data\spring-data-mongodb\1.10.9.RELEASE\spring-data-mongodb-1.10.9.RELEASE.jar;E:\java\mvnLibs\org\springframework\spring-tx\4.3.13.RELEASE\spring-tx-4.3.13.RELEASE.jar;E:\java\mvnLibs\org\springframework\spring-context\4.3.13.RELEASE\spring-context-4.3.13.RELEASE.jar;E:\java\mvnLibs\org\springframework\spring-beans\4.3.13.RELEASE\spring-beans-4.3.13.RELEASE.jar;E:\java\mvnLibs\org\springframework\spring-expression\4.3.13.RELEASE\spring-expression-4.3.13.RELEASE.jar;E:\java\mvnLibs\org\springframework\data\spring-data-commons\1.13.9.RELEASE\spring-d
Launcher Type: SUN_STANDARD

Environment Variables:
JAVA_HOME=C:\Java\jdk1.8.0_20
PATH=C:\Ruby23-x64\bin;C:\ProgramData\Oracle\Java\javapath;C:\Program Files (x86)\Intel\iCLS Client\;C:\Program Files\Intel\iCLS Client\;C:\Windows\system32;C:\Windows;C:\Windows\System32\Wbem;C:\Windows\System32\WindowsPowerShell\v1.0\;C:\Program Files\Intel\Intel(R) Management Engine Components\DAL;C:\Program Files\Intel\Intel(R) Management Engine Components\IPT;C:\Program Files (x86)\Intel\Intel(R) Management Engine Components\DAL;C:\Program Files (x86)\Intel\Intel(R) Management Engine Components\IPT;D:\software\apache-ant-1.9.4\bin;C:\Program Files (x86)\Intel\OpenCL SDK\2.0\bin\x86;C:\Program Files (x86)\Intel\OpenCL SDK\2.0\bin\x64;C:\Program Files\Git\cmd;E:\java\apache-maven-3.3.9\bin;C:\Program Files\Oracle\VirtualBox;C:\Program Files\TortoiseGit\bin;C:\Users\Administrator\Desktop\qpdf-8.0.2-bin-mingw32\qpdf-8.0.2\bin;C:\Program Files\Amazon\AWSCLI;C:\Users\Administrator\AppData\Roaming\nvm;C:\Program Files\nodejs;C:\Python27;C:\Program Files (x86)\Windows Kits\8.1\Windows Performance Toolkit\;;C:\Program Files\Docker Toolbox;C:\Users\Administrator\AppData\Roaming\npm;C:\Users\Administrator\AppData\Roaming\nvm;C:\Program Files\nodejs
USERNAME=Administrator
OS=Windows_NT
PROCESSOR_IDENTIFIER=Intel64 Family 6 Model 58 Stepping 9, GenuineIntel



---------------  S Y S T E M  ---------------

OS: Windows 7 , 64 bit Build 7601 Service Pack 1

CPU:total 8 (4 cores per cpu, 2 threads per core) family 6 model 58 stepping 9, cmov, cx8, fxsr, mmx, sse, sse2, sse3, ssse3, sse4.1, sse4.2, popcnt, avx, aes, clmul, erms, ht, tsc, tscinvbit, tscinv

Memory: 4k page, physical 33368424k(10949868k free), swap 49799716k(22477004k free)

vm_info: Java HotSpot(TM) 64-Bit Server VM (25.20-b23) for windows-amd64 JRE (1.8.0_20-b26), built on Jul 30 2014 13:51:23 by "java_re" with MS VC++ 10.0 (VS2010)

time: Wed Nov 07 16:43:42 2018
elapsed time: 38 seconds (0d 0h 0m 38s)

